<?xml version="1.0" encoding="UTF-8"?>
<!-- Generated by org.testng.reporters.JUnitXMLReporter -->
<testsuite ignored="0" hostname="SanjayMeena" failures="0" tests="3" name="Default test" time="6.761" errors="0" timestamp="2025-06-30T19:07:47 IST">
  <testcase classname="api.testcases.GroupTest" name="testCreateGroup" time="3.121"/>
  <testcase classname="api.testcases.GroupTest" name="testGetGroupList" time="1.808"/>
  <testcase classname="api.testcases.GroupTest" name="testdeleteCreatedGroup" time="1.668"/>
</testsuite> <!-- Default test -->
