<?xml version="1.0" encoding="UTF-8"?>
<!-- Generated by org.testng.reporters.JUnitXMLReporter -->
<testsuite ignored="0" hostname="SanjayMeena" failures="0" tests="3" name="Default test" time="7.337" errors="0" timestamp="2025-06-27T19:17:31 IST">
  <testcase classname="api.testcases.SpaceTest" name="testSpaceCreate" time="3.908"/>
  <testcase classname="api.testcases.SpaceTest" name="testGetSpaceList" time="1.652"/>
  <testcase classname="api.testcases.SpaceTest" name="testDeleteCreatedSpace" time="1.591"/>
</testsuite> <!-- Default test -->
