<?xml version="1.0" encoding="UTF-8"?>
<!-- Generated by org.testng.reporters.JUnitXMLReporter -->
<testsuite ignored="0" hostname="SanjayMeena" failures="1" tests="4" name="Test" time="7.879" errors="0" timestamp="2025-06-24T19:13:51 IST">
  <testcase classname="api.testcases.UserTest" name="testGetUser" time="2.68"/>
  <testcase classname="api.testcases.UserTest" name="testUpdateUser" time="1.895"/>
  <testcase classname="api.testcases.GroupTest" name="testCreateGroup" time="1.621">
    <failure type="java.lang.AssertionError" message="expected [201] but found [400]">
      <![CDATA[java.lang.AssertionError: expected [201] but found [400]
at api.testcases.GroupTest.testCreateGroup(GroupTest.java:33)
at java.base/java.util.ArrayList.forEach(ArrayList.java:1511)
... Removed 32 stack frames]]>
    </failure>
  </testcase> <!-- testCreateGroup -->
  <testcase classname="api.testcases.GroupTest" name="testGetGroupList" time="1.579"/>
</testsuite> <!-- Test -->
