<?xml version="1.0" encoding="UTF-8"?>
<testng-results ignored="0" total="1" passed="1" failed="0" skipped="0">
  <reporter-output>
  </reporter-output>
  <suite started-at="2025-07-02T19:22:03 IST" name="Default suite" finished-at="2025-07-02T19:22:06 IST" duration-ms="2857">
    <groups>
    </groups>
    <test started-at="2025-07-02T19:22:03 IST" name="Default test" finished-at="2025-07-02T19:22:06 IST" duration-ms="2857">
      <class name="api.testcases.TipsTest">
        <test-method signature="testGetTips()[pri:1, instance:api.testcases.TipsTest@293a5bf6]" started-at="2025-07-02T19:22:03 IST" name="testGetTips" finished-at="2025-07-02T19:22:06 IST" duration-ms="2819" status="PASS">
          <reporter-output>
          </reporter-output>
        </test-method> <!-- testGetTips -->
      </class> <!-- api.testcases.TipsTest -->
    </test> <!-- Default test -->
  </suite> <!-- Default suite -->
</testng-results>
