<?xml version="1.0" encoding="UTF-8"?>
<testng-results ignored="0" total="2" passed="2" failed="0" skipped="0">
  <reporter-output>
  </reporter-output>
  <suite started-at="2025-06-24T23:22:43 IST" name="Suite" finished-at="2025-06-24T23:22:50 IST" duration-ms="7050">
    <groups>
    </groups>
    <test started-at="2025-06-24T23:22:43 IST" name="Test" finished-at="2025-06-24T23:22:50 IST" duration-ms="7050">
      <class name="api.testcases.GroupTest">
        <test-method is-config="true" signature="setupData()[pri:0, instance:api.testcases.GroupTest@3754a4bf]" started-at="2025-06-24T23:22:43 IST" name="setupData" finished-at="2025-06-24T23:22:43 IST" duration-ms="283" status="PASS">
          <reporter-output>
          </reporter-output>
        </test-method> <!-- setupData -->
        <test-method signature="testCreateGroup()[pri:3, instance:api.testcases.GroupTest@3754a4bf]" started-at="2025-06-24T23:22:43 IST" name="testCreateGroup" finished-at="2025-06-24T23:22:48 IST" duration-ms="4920" status="PASS">
          <reporter-output>
          </reporter-output>
        </test-method> <!-- testCreateGroup -->
        <test-method signature="testGetGroupList()[pri:4, instance:api.testcases.GroupTest@3754a4bf]" started-at="2025-06-24T23:22:48 IST" name="testGetGroupList" finished-at="2025-06-24T23:22:50 IST" duration-ms="1758" status="PASS">
          <reporter-output>
          </reporter-output>
        </test-method> <!-- testGetGroupList -->
      </class> <!-- api.testcases.GroupTest -->
    </test> <!-- Test -->
  </suite> <!-- Suite -->
</testng-results>
